<?xml version="1.0" encoding="UTF-8"?>
<!-- Generated by org.testng.reporters.JUnitXMLReporter -->
<testsuite ignored="4" hostname="DESKTOP-ODAVFI2" failures="0" tests="1" name="Default test" time="14.135" errors="0" timestamp="2024-07-08T16:55:50 IST">
  <testcase classname="com.swaglab.TestCase.LogInTestCase" name="standerUserLoginEndtoEndProcess" time="3.88"/>
  <testcase classname="com.swaglab.TestCase.LogInTestCase" name="verifyTitleOFPage" time="0.0">
    <ignored/>
  </testcase> <!-- verifyTitleOFPage -->
  <testcase classname="com.swaglab.TestCase.LogInTestCase" name="verifyErrorUserLogIn" time="0.0">
    <ignored/>
  </testcase> <!-- verifyErrorUserLogIn -->
  <testcase classname="com.swaglab.TestCase.LogInTestCase" name="verifyLockedOutUserLogIn" time="0.0">
    <ignored/>
  </testcase> <!-- verifyLockedOutUserLogIn -->
  <testcase classname="com.swaglab.TestCase.LogInTestCase" name="verifyLowToHighFilter" time="0.0">
    <ignored/>
  </testcase> <!-- verifyLowToHighFilter -->
</testsuite> <!-- Default test -->
