<?xml version="1.0" encoding="UTF-8"?>
<testng-results ignored="0" total="1" passed="1" failed="0" skipped="0">
  <reporter-output>
  </reporter-output>
  <suite started-at="2024-07-08T16:55:36 IST" name="Default suite" finished-at="2024-07-08T16:55:50 IST" duration-ms="14135">
    <groups>
    </groups>
    <test started-at="2024-07-08T16:55:36 IST" name="Default test" finished-at="2024-07-08T16:55:50 IST" duration-ms="14135">
      <class name="com.swaglab.TestCase.LogInTestCase">
        <test-method is-config="true" signature="setUp()[pri:0, instance:com.swaglab.TestCase.LogInTestCase@38cee291]" started-at="2024-07-08T16:55:36 IST" name="setUp" finished-at="2024-07-08T16:55:46 IST" duration-ms="9626" status="PASS">
          <reporter-output>
          </reporter-output>
        </test-method> <!-- setUp -->
        <test-method signature="standerUserLoginEndtoEndProcess()[pri:0, instance:com.swaglab.TestCase.LogInTestCase@38cee291]" started-at="2024-07-08T16:55:46 IST" name="standerUserLoginEndtoEndProcess" finished-at="2024-07-08T16:55:50 IST" duration-ms="3880" status="PASS">
          <reporter-output>
          </reporter-output>
        </test-method> <!-- standerUserLoginEndtoEndProcess -->
        <test-method is-config="true" signature="tearDown()[pri:0, instance:com.swaglab.TestCase.LogInTestCase@38cee291]" started-at="2024-07-08T16:55:50 IST" name="tearDown" finished-at="2024-07-08T16:55:50 IST" duration-ms="457" status="PASS">
          <reporter-output>
          </reporter-output>
        </test-method> <!-- tearDown -->
      </class> <!-- com.swaglab.TestCase.LogInTestCase -->
    </test> <!-- Default test -->
  </suite> <!-- Default suite -->
</testng-results>
